Aynı:  1 http://repository.spotify.com stable InRelease
Aynı:  2 https://packages.microsoft.com/ubuntu/18.04/prod bionic InRelease
İndir: 3 https://deb.parrotsec.org/parrot parrot InRelease [14,6 kB]
1 sn.'de 14,6 kB alındı (13,9 kB/s)
Paket listeleri okunuyor...
Bağımlılık ağacı oluşturuluyor...
Durum bilgisi okunuyor...
Tüm paketler güncel.

WARNING: apt does not have a stable CLI interface. Use with caution in scripts.

Paket listeleri okunuyor...
Bağımlılık ağacı oluşturuluyor...
Durum bilgisi okunuyor...
python zaten en yeni sürümde (2.7.16-1).
0 paket yükseltilecek, 0 yeni paket kurulacak, 0 paket kaldırılacak ve 0 paket yükseltilmeyecek.

WARNING: apt does not have a stable CLI interface. Use with caution in scripts.

Paket listeleri okunuyor...
Bağımlılık ağacı oluşturuluyor...
Durum bilgisi okunuyor...
php zaten en yeni sürümde (2:7.3+69).
0 paket yükseltilecek, 0 yeni paket kurulacak, 0 paket kaldırılacak ve 0 paket yükseltilmeyecek.

WARNING: apt does not have a stable CLI interface. Use with caution in scripts.

Paket listeleri okunuyor...
Bağımlılık ağacı oluşturuluyor...
Durum bilgisi okunuyor...
wget zaten en yeni sürümde (1.20.1-1.1).
0 paket yükseltilecek, 0 yeni paket kurulacak, 0 paket kaldırılacak ve 0 paket yükseltilmeyecek.

WARNING: apt does not have a stable CLI interface. Use with caution in scripts.

Paket listeleri okunuyor...
Bağımlılık ağacı oluşturuluyor...
Durum bilgisi okunuyor...
unzip zaten en yeni sürümde (6.0-22).
0 paket yükseltilecek, 0 yeni paket kurulacak, 0 paket kaldırılacak ve 0 paket yükseltilmeyecek.

WARNING: apt does not have a stable CLI interface. Use with caution in scripts.

Paket listeleri okunuyor...
Bağımlılık ağacı oluşturuluyor...
Durum bilgisi okunuyor...
ssh zaten en yeni sürümde (1:7.9p1-10).
0 paket yükseltilecek, 0 yeni paket kurulacak, 0 paket kaldırılacak ve 0 paket yükseltilmeyecek.
Requirement already satisfied: requests in /usr/local/lib/python2.7/dist-packages (2.20.0)
Requirement already satisfied: chardet<3.1.0,>=3.0.2 in /usr/lib/python2.7/dist-packages (from requests) (3.0.4)
Requirement already satisfied: certifi>=2017.4.17 in /usr/lib/python2.7/dist-packages (from requests) (2018.8.24)
Requirement already satisfied: urllib3<1.25,>=1.21.1 in /usr/lib/python2.7/dist-packages (from requests) (1.24.1)
Requirement already satisfied: idna<2.8,>=2.5 in /usr/lib/python2.7/dist-packages (from requests) (2.6)
